2025-08-25 23:58:22,262 [INFO] - Logger initialized. Log file at: outputs/logs\train_no_db.log
2025-08-25 23:58:22,298 [INFO] - Using device: cuda
2025-08-25 23:58:22,453 [INFO] - Initialized train dataset with 21428 samples.
2025-08-25 23:58:22,504 [INFO] - Initialized test dataset with 7144 samples.
2025-08-25 23:59:13,798 [INFO] - Epoch 1/200 | LR: 1.00e-04 | Loss: 1.3054 | Train Acc: 0.6214 | Val Acc: 0.6859
2025-08-25 23:59:13,890 [INFO] - New best model saved with accuracy: 0.6859
2025-08-25 23:59:46,846 [INFO] - Epoch 2/200 | LR: 1.00e-04 | Loss: 1.1387 | Train Acc: 0.6738 | Val Acc: 0.6915
2025-08-25 23:59:46,930 [INFO] - New best model saved with accuracy: 0.6915
2025-08-26 00:00:20,579 [INFO] - Epoch 3/200 | LR: 1.00e-04 | Loss: 1.1149 | Train Acc: 0.6876 | Val Acc: 0.7072
2025-08-26 00:00:20,669 [INFO] - New best model saved with accuracy: 0.7072
2025-08-26 00:00:53,631 [INFO] - Epoch 4/200 | LR: 1.00e-04 | Loss: 1.0961 | Train Acc: 0.6998 | Val Acc: 0.7231
2025-08-26 00:00:53,721 [INFO] - New best model saved with accuracy: 0.7231
2025-08-26 00:01:26,326 [INFO] - Epoch 5/200 | LR: 1.00e-04 | Loss: 1.0891 | Train Acc: 0.7024 | Val Acc: 0.7237
2025-08-26 00:01:26,417 [INFO] - New best model saved with accuracy: 0.7237
2025-08-26 00:02:00,108 [INFO] - Epoch 6/200 | LR: 1.00e-04 | Loss: 1.0771 | Train Acc: 0.7109 | Val Acc: 0.7251
2025-08-26 00:02:00,193 [INFO] - New best model saved with accuracy: 0.7251
2025-08-26 00:02:34,190 [INFO] - Epoch 7/200 | LR: 1.00e-04 | Loss: 1.0648 | Train Acc: 0.7174 | Val Acc: 0.7298
2025-08-26 00:02:34,282 [INFO] - New best model saved with accuracy: 0.7298
2025-08-26 00:03:10,354 [INFO] - Epoch 8/200 | LR: 1.00e-04 | Loss: 1.0605 | Train Acc: 0.7234 | Val Acc: 0.7346
2025-08-26 00:03:10,439 [INFO] - New best model saved with accuracy: 0.7346
2025-08-26 00:03:46,773 [INFO] - Epoch 9/200 | LR: 1.00e-04 | Loss: 1.0517 | Train Acc: 0.7300 | Val Acc: 0.7331
2025-08-26 00:04:23,373 [INFO] - Epoch 10/200 | LR: 1.00e-04 | Loss: 1.0464 | Train Acc: 0.7342 | Val Acc: 0.7290
2025-08-26 00:05:00,255 [INFO] - Epoch 11/200 | LR: 1.00e-04 | Loss: 1.0344 | Train Acc: 0.7406 | Val Acc: 0.7388
2025-08-26 00:05:00,339 [INFO] - New best model saved with accuracy: 0.7388
2025-08-26 00:05:36,330 [INFO] - Epoch 12/200 | LR: 1.00e-04 | Loss: 1.0266 | Train Acc: 0.7504 | Val Acc: 0.7228
2025-08-26 00:06:11,334 [INFO] - Epoch 13/200 | LR: 1.00e-04 | Loss: 1.0250 | Train Acc: 0.7530 | Val Acc: 0.7608
2025-08-26 00:06:11,387 [INFO] - New best model saved with accuracy: 0.7608
2025-08-26 00:06:45,395 [INFO] - Epoch 14/200 | LR: 1.00e-04 | Loss: 1.0144 | Train Acc: 0.7564 | Val Acc: 0.7566
2025-08-26 00:07:19,655 [INFO] - Epoch 15/200 | LR: 1.00e-04 | Loss: 1.0095 | Train Acc: 0.7639 | Val Acc: 0.7658
2025-08-26 00:07:19,741 [INFO] - New best model saved with accuracy: 0.7658
